INFO 2025-06-02 19:17:21,552 autoreload Watching for file changes with StatReloader
INFO 2025-06-02 19:17:34,888 autoreload /home/cybexplore/Remote-Windows-Analysis/Server/backend/server/settings.py changed, reloading.
INFO 2025-06-02 19:17:35,958 autoreload Watching for file changes with StatReloader
INFO 2025-06-02 19:17:44,506 autoreload /home/cybexplore/Remote-Windows-Analysis/Server/backend/server/settings.py changed, reloading.
INFO 2025-06-02 19:17:46,135 autoreload Watching for file changes with StatReloader
INFO 2025-06-02 19:17:53,462 autoreload /home/cybexplore/Remote-Windows-Analysis/Server/backend/server/settings.py changed, reloading.
INFO 2025-06-02 19:18:02,431 autoreload Watching for file changes with StatReloader
INFO 2025-06-02 19:19:35,120 autoreload /home/cybexplore/Remote-Windows-Analysis/Server/backend/server/settings.py changed, reloading.
INFO 2025-06-02 19:19:36,857 autoreload Watching for file changes with StatReloader
INFO 2025-06-02 19:19:55,452 autoreload /home/cybexplore/Remote-Windows-Analysis/Server/backend/server/settings.py changed, reloading.
INFO 2025-06-02 19:19:59,014 autoreload Watching for file changes with StatReloader
INFO 2025-06-02 19:20:08,559 autoreload /home/cybexplore/Remote-Windows-Analysis/Server/backend/server/urls.py changed, reloading.
INFO 2025-06-02 19:20:10,342 autoreload Watching for file changes with StatReloader
INFO 2025-06-02 19:27:05,496 autoreload /home/cybexplore/Remote-Windows-Analysis/Server/backend/server/urls.py changed, reloading.
INFO 2025-06-02 19:27:09,820 autoreload Watching for file changes with StatReloader
INFO 2025-06-02 19:33:46,030 autoreload /home/cybexplore/Remote-Windows-Analysis/Server/backend/accounts/manager.py changed, reloading.
INFO 2025-06-02 19:33:48,391 autoreload Watching for file changes with StatReloader
INFO 2025-06-02 19:34:05,353 autoreload /home/cybexplore/Remote-Windows-Analysis/Server/backend/accounts/manager.py changed, reloading.
INFO 2025-06-02 19:34:06,700 autoreload Watching for file changes with StatReloader
INFO 2025-06-02 19:34:16,957 autoreload /home/cybexplore/Remote-Windows-Analysis/Server/backend/accounts/manager.py changed, reloading.
INFO 2025-06-02 19:34:19,741 autoreload Watching for file changes with StatReloader
INFO 2025-06-02 19:34:58,368 autoreload /home/cybexplore/Remote-Windows-Analysis/Server/backend/accounts/manager.py changed, reloading.
INFO 2025-06-02 19:35:01,884 autoreload Watching for file changes with StatReloader
INFO 2025-06-02 19:35:41,828 autoreload /home/cybexplore/Remote-Windows-Analysis/Server/backend/accounts/models.py changed, reloading.
INFO 2025-06-02 19:35:43,224 autoreload Watching for file changes with StatReloader
INFO 2025-06-02 19:35:55,829 autoreload /home/cybexplore/Remote-Windows-Analysis/Server/backend/accounts/models.py changed, reloading.
INFO 2025-06-02 19:35:58,431 autoreload Watching for file changes with StatReloader
INFO 2025-06-02 19:37:44,342 autoreload /home/cybexplore/Remote-Windows-Analysis/Server/backend/accounts/models.py changed, reloading.
INFO 2025-06-02 19:37:46,442 autoreload Watching for file changes with StatReloader
INFO 2025-06-02 19:39:04,388 autoreload /home/cybexplore/Remote-Windows-Analysis/Server/backend/accounts/admin.py changed, reloading.
INFO 2025-06-02 19:39:06,282 autoreload Watching for file changes with StatReloader
INFO 2025-06-02 19:39:29,487 autoreload /home/cybexplore/Remote-Windows-Analysis/Server/backend/accounts/admin.py changed, reloading.
INFO 2025-06-02 19:39:30,826 autoreload Watching for file changes with StatReloader
INFO 2025-06-02 19:39:38,011 autoreload /home/cybexplore/Remote-Windows-Analysis/Server/backend/accounts/signals.py changed, reloading.
INFO 2025-06-02 19:39:39,495 autoreload Watching for file changes with StatReloader
INFO 2025-06-02 19:39:47,553 autoreload /home/cybexplore/Remote-Windows-Analysis/Server/backend/accounts/views.py changed, reloading.
INFO 2025-06-02 19:39:49,726 autoreload Watching for file changes with StatReloader
INFO 2025-06-02 19:39:58,392 autoreload /home/cybexplore/Remote-Windows-Analysis/Server/backend/accounts/serializers.py changed, reloading.
INFO 2025-06-02 19:40:00,241 autoreload Watching for file changes with StatReloader
INFO 2025-06-02 19:40:07,176 autoreload /home/cybexplore/Remote-Windows-Analysis/Server/backend/accounts/serializers.py changed, reloading.
INFO 2025-06-02 19:40:08,483 autoreload Watching for file changes with StatReloader
INFO 2025-06-02 19:40:18,031 autoreload /home/cybexplore/Remote-Windows-Analysis/Server/backend/accounts/serializers.py changed, reloading.
INFO 2025-06-02 19:40:21,480 autoreload Watching for file changes with StatReloader
INFO 2025-06-02 19:40:36,746 autoreload /home/cybexplore/Remote-Windows-Analysis/Server/backend/accounts/serializers.py changed, reloading.
INFO 2025-06-02 19:40:39,365 autoreload Watching for file changes with StatReloader
INFO 2025-06-02 19:41:27,298 autoreload /home/cybexplore/Remote-Windows-Analysis/Server/backend/accounts/serializers.py changed, reloading.
INFO 2025-06-02 19:41:30,038 autoreload Watching for file changes with StatReloader
INFO 2025-06-02 19:41:41,140 autoreload /home/cybexplore/Remote-Windows-Analysis/Server/backend/accounts/serializers.py changed, reloading.
INFO 2025-06-02 19:41:44,203 autoreload Watching for file changes with StatReloader
INFO 2025-06-02 19:41:55,318 autoreload /home/cybexplore/Remote-Windows-Analysis/Server/backend/accounts/serializers.py changed, reloading.
INFO 2025-06-02 19:41:58,905 autoreload Watching for file changes with StatReloader
INFO 2025-06-02 19:42:10,521 autoreload /home/cybexplore/Remote-Windows-Analysis/Server/backend/accounts/serializers.py changed, reloading.
INFO 2025-06-02 19:42:13,361 autoreload Watching for file changes with StatReloader
INFO 2025-06-02 19:42:23,778 autoreload /home/cybexplore/Remote-Windows-Analysis/Server/backend/accounts/serializers.py changed, reloading.
INFO 2025-06-02 19:42:25,520 autoreload Watching for file changes with StatReloader
INFO 2025-06-02 19:43:29,504 autoreload /home/cybexplore/Remote-Windows-Analysis/Server/backend/accounts/serializers.py changed, reloading.
INFO 2025-06-02 19:43:31,426 autoreload Watching for file changes with StatReloader
INFO 2025-06-02 19:43:37,499 autoreload /home/cybexplore/Remote-Windows-Analysis/Server/backend/accounts/models.py changed, reloading.
INFO 2025-06-02 19:43:40,323 autoreload Watching for file changes with StatReloader
INFO 2025-06-02 19:43:45,209 autoreload /home/cybexplore/Remote-Windows-Analysis/Server/backend/accounts/admin.py changed, reloading.
INFO 2025-06-02 19:43:46,836 autoreload Watching for file changes with StatReloader
INFO 2025-06-02 19:43:55,403 autoreload /home/cybexplore/Remote-Windows-Analysis/Server/backend/accounts/admin.py changed, reloading.
INFO 2025-06-02 19:43:56,572 autoreload Watching for file changes with StatReloader
INFO 2025-06-02 19:44:07,140 autoreload /home/cybexplore/Remote-Windows-Analysis/Server/backend/accounts/admin.py changed, reloading.
INFO 2025-06-02 19:44:08,675 autoreload Watching for file changes with StatReloader
INFO 2025-06-02 19:44:14,476 autoreload /home/cybexplore/Remote-Windows-Analysis/Server/backend/accounts/signals.py changed, reloading.
INFO 2025-06-02 19:44:16,312 autoreload Watching for file changes with StatReloader
INFO 2025-06-02 19:44:21,597 autoreload /home/cybexplore/Remote-Windows-Analysis/Server/backend/accounts/views.py changed, reloading.
INFO 2025-06-02 19:44:22,790 autoreload Watching for file changes with StatReloader
INFO 2025-06-02 19:49:20,835 autoreload /home/cybexplore/Remote-Windows-Analysis/Server/backend/accounts/models.py changed, reloading.
INFO 2025-06-02 19:49:23,024 autoreload Watching for file changes with StatReloader
INFO 2025-06-02 20:08:23,712 autoreload /home/cybexplore/Remote-Windows-Analysis/Server/backend/server/settings.py changed, reloading.
