INFO 2025-06-02 20:08:29,338 autoreload Watching for file changes with StatReloader
INFO 2025-06-02 20:09:46,123 autoreload /home/cybexplore/Remote-Windows-Analysis/Server/backend/accounts/models.py changed, reloading.
INFO 2025-06-02 20:09:50,290 autoreload Watching for file changes with StatReloader
INFO 2025-06-02 20:10:21,443 autoreload /home/cybexplore/Remote-Windows-Analysis/Server/backend/accounts/models.py changed, reloading.
INFO 2025-06-02 20:10:26,942 autoreload Watching for file changes with StatReloader
INFO 2025-06-02 20:10:56,877 autoreload /home/cybexplore/Remote-Windows-Analysis/Server/backend/accounts/models.py changed, reloading.
INFO 2025-06-02 20:11:01,022 autoreload Watching for file changes with StatReloader
INFO 2025-06-02 20:12:50,798 autoreload /home/cybexplore/Remote-Windows-Analysis/Server/backend/accounts/serializers.py changed, reloading.
INFO 2025-06-02 20:12:53,777 autoreload Watching for file changes with StatReloader
INFO 2025-06-02 20:13:05,621 autoreload /home/cybexplore/Remote-Windows-Analysis/Server/backend/accounts/serializers.py changed, reloading.
INFO 2025-06-02 20:13:08,996 autoreload Watching for file changes with StatReloader
INFO 2025-06-02 20:13:21,780 autoreload /home/cybexplore/Remote-Windows-Analysis/Server/backend/accounts/serializers.py changed, reloading.
INFO 2025-06-02 20:13:25,239 autoreload Watching for file changes with StatReloader
INFO 2025-06-02 20:13:32,867 autoreload /home/cybexplore/Remote-Windows-Analysis/Server/backend/accounts/serializers.py changed, reloading.
INFO 2025-06-02 20:13:36,549 autoreload Watching for file changes with StatReloader
INFO 2025-06-02 20:14:13,387 autoreload /home/cybexplore/Remote-Windows-Analysis/Server/backend/accounts/views.py changed, reloading.
INFO 2025-06-02 20:14:17,256 autoreload Watching for file changes with StatReloader
INFO 2025-06-02 20:14:30,071 autoreload /home/cybexplore/Remote-Windows-Analysis/Server/backend/accounts/views.py changed, reloading.
INFO 2025-06-02 20:14:32,168 autoreload Watching for file changes with StatReloader
INFO 2025-06-02 20:14:48,061 autoreload /home/cybexplore/Remote-Windows-Analysis/Server/backend/accounts/views.py changed, reloading.
INFO 2025-06-02 20:14:50,759 autoreload Watching for file changes with StatReloader
INFO 2025-06-02 20:14:56,853 autoreload /home/cybexplore/Remote-Windows-Analysis/Server/backend/accounts/permissions.py changed, reloading.
INFO 2025-06-02 20:15:00,437 autoreload Watching for file changes with StatReloader
INFO 2025-06-02 20:15:08,319 autoreload /home/cybexplore/Remote-Windows-Analysis/Server/backend/core/admin.py changed, reloading.
INFO 2025-06-02 20:15:09,654 autoreload Watching for file changes with StatReloader
INFO 2025-06-02 20:15:52,848 autoreload /home/cybexplore/Remote-Windows-Analysis/Server/backend/accounts/urls.py changed, reloading.
INFO 2025-06-02 20:15:55,377 autoreload Watching for file changes with StatReloader
INFO 2025-06-02 20:16:39,806 autoreload /home/cybexplore/Remote-Windows-Analysis/Server/backend/accounts/admin.py changed, reloading.
INFO 2025-06-02 20:16:43,328 autoreload Watching for file changes with StatReloader
INFO 2025-06-02 20:16:56,209 autoreload /home/cybexplore/Remote-Windows-Analysis/Server/backend/accounts/admin.py changed, reloading.
INFO 2025-06-02 20:17:01,482 autoreload Watching for file changes with StatReloader
INFO 2025-06-02 20:17:09,914 autoreload /home/cybexplore/Remote-Windows-Analysis/Server/backend/accounts/admin.py changed, reloading.
INFO 2025-06-02 20:17:12,903 autoreload Watching for file changes with StatReloader
INFO 2025-06-02 20:17:25,908 autoreload /home/cybexplore/Remote-Windows-Analysis/Server/backend/accounts/admin.py changed, reloading.
INFO 2025-06-02 20:17:28,003 autoreload Watching for file changes with StatReloader
INFO 2025-06-02 20:17:51,946 autoreload /home/cybexplore/Remote-Windows-Analysis/Server/backend/core/models.py changed, reloading.
INFO 2025-06-02 20:17:53,077 autoreload Watching for file changes with StatReloader
INFO 2025-06-02 20:17:55,336 autoreload /home/cybexplore/Remote-Windows-Analysis/Server/backend/core/models.py changed, reloading.
INFO 2025-06-02 20:17:58,308 autoreload Watching for file changes with StatReloader
INFO 2025-06-02 20:18:54,584 autoreload /home/cybexplore/Remote-Windows-Analysis/Server/backend/core/admin.py changed, reloading.
INFO 2025-06-02 20:18:58,381 autoreload Watching for file changes with StatReloader
INFO 2025-06-02 20:21:55,951 autoreload Watching for file changes with StatReloader
