Content-Type: text/plain; charset="utf-8"
MIME-Version: 1.0
Content-Transfer-Encoding: 8bit
Subject: Your Password Has Been Changed
From: adminl@cybexplore.org
To: admin@cybexplore.org
Date: Mon, 28 Apr 2025 11:13:39 -0000
Message-ID: <174583881959.14200.13835049742016304409@DESKTOP-AOU91JJ>


    Security Notification: Password Changed

    Dear None None,

    Your password for CybExplore was successfully changed on 2025-04-28 at 11:13 UTC.

    Change Details:
    - Account: admin@cybexplore.org
    - Changed From: 127.0.0.1
    - Device: Mozilla/5.0 (Windows NT 10.0; Win64; x64) AppleWebKit/537.36 (KHTML, like Gecko) Chrome/135.0.0.0 Safari/537.36 Edg/135.0.0.0

    If you didn't make this change:
    1. Contact our security team immediately at support@cybexplore.org.
    2. Change your password again using the 'Forgot Password' feature.
    3. Check your account for any unauthorized activity.

    Security Recommendations:
    ✓ Use a unique password for this service.
    ✓ Enable two-factor authentication.
    ✓ Regularly update your passwords (every 90 days).
    ✓ Never share your credentials with anyone.
    ✓ Be cautious of phishing attempts.

    For your protection:
    • This is an automated message - please do not reply.
    • We will never ask for your password via email.
    • Review your recent activity at http://localhost:8000/account/activity.

    Thank you for helping us maintain account security.

    The CybExplore Team
    http://localhost:8000
    +(234) 8057-691-197

    --------------------------------------------------
    For security reasons, this email cannot be replied to.
    If you need assistance, please contact support@cybexplore.org.
    
-------------------------------------------------------------------------------
